<?xml version="1.0" encoding="UTF-8"?>
<testng-results skipped="0" failed="0" total="1" passed="1">
  <reporter-output>
  </reporter-output>
  <suite name="Default suite" duration-ms="9673" started-at="2019-08-29T06:21:13Z" finished-at="2019-08-29T06:21:22Z">
    <groups>
    </groups>
    <test name="Default test" duration-ms="9673" started-at="2019-08-29T06:21:13Z" finished-at="2019-08-29T06:21:22Z">
      <class name="test.HeadlessChrome">
        <test-method status="PASS" signature="demoHdChrome()[pri:0, instance:test.HeadlessChrome@215be6bb]" name="demoHdChrome" duration-ms="9643" started-at="2019-08-29T09:21:13Z" finished-at="2019-08-29T09:21:22Z">
          <reporter-output>
          </reporter-output>
        </test-method> <!-- demoHdChrome -->
      </class> <!-- test.HeadlessChrome -->
    </test> <!-- Default test -->
  </suite> <!-- Default suite -->
</testng-results>
